[35m[1mScanning dependencies of target mppic[0m
[ 50%] Built target gtest
[ 50%] Built target gtest_main
[ 75%] Built target optimizer-test
[ 87%] [32mBuilding CXX object src/CMakeFiles/mppic.dir/Controller.cpp.o[0m
In file included from [01m[K/home/alex/Media/Develop/Job/ros2/rosbot/src/algorithms/local_planners/mppic/src/../include/mppi/Controller.hpp:10[m[K,
                 from [01m[K/home/alex/Media/Develop/Job/ros2/rosbot/src/algorithms/local_planners/mppic/src/Controller.cpp:1[m[K:
[01m[K/home/alex/Media/Develop/Job/ros2/rosbot/src/algorithms/local_planners/mppic/src/../include/mppi/PathHandler.hpp:[m[K In member function â€˜[01m[Knav_msgs::msg::Path ultra::mppi::handlers::PathHandler::transformPath(const PoseStamped&)[m[Kâ€™:
[01m[K/home/alex/Media/Develop/Job/ros2/rosbot/src/algorithms/local_planners/mppic/src/../include/mppi/PathHandler.hpp:83:32:[m[K [01;31m[Kerror: [m[Kuse of â€˜[01m[Kauto ultra::mppi::handlers::PathHandler::pruneGlobalPlan(const auto:122&) [with auto:122 = __gnu_cxx::__normal_iterator<geometry_msgs::msg::PoseStamped_<std::allocator<void> >*, std::vector<geometry_msgs::msg::PoseStamped_<std::allocator<void> >, std::allocator<geometry_msgs::msg::PoseStamped_<std::allocator<void> > > > >][m[Kâ€™ before deduction of â€˜[01m[Kauto[m[Kâ€™
   83 |     pruneGlobalPlan(lower_bound[01;31m[K)[m[K;
      |                                [01;31m[K^[m[K
In file included from [01m[K/opt/ros/foxy/include/class_loader/class_loader_core.hpp:57[m[K,
                 from [01m[K/opt/ros/foxy/include/class_loader/class_loader.hpp:55[m[K,
                 from [01m[K/opt/ros/foxy/include/class_loader/multi_library_class_loader.hpp:52[m[K,
                 from [01m[K/opt/ros/foxy/include/pluginlib/class_loader.hpp:58[m[K,
                 from [01m[K/opt/ros/foxy/include/nav2_costmap_2d/costmap_2d_ros.hpp:53[m[K,
                 from [01m[K/opt/ros/foxy/include/nav2_core/controller.hpp:42[m[K,
                 from [01m[K/home/alex/Media/Develop/Job/ros2/rosbot/src/algorithms/local_planners/mppic/src/../include/mppi/Controller.hpp:3[m[K,
                 from [01m[K/home/alex/Media/Develop/Job/ros2/rosbot/src/algorithms/local_planners/mppic/src/Controller.cpp:1[m[K:
/opt/ros/foxy/include/class_loader/meta_object.hpp: In instantiation of â€˜[01m[KB* class_loader::impl::MetaObject<C, B>::create() const [with C = ultra::mppi::Controller<float>; B = nav2_core::Controller][m[Kâ€™:
[01m[K/opt/ros/foxy/include/class_loader/meta_object.hpp:216:7:[m[K   required from here
[01m[K/opt/ros/foxy/include/class_loader/meta_object.hpp:218:12:[m[K [01;31m[Kerror: [m[Kuse of deleted function â€˜[01m[Kultra::mppi::Controller<T>::Controller() [with T = float][m[Kâ€™
  218 |     return [01;31m[Knew C[m[K;
      |            [01;31m[K^~~~~[m[K
In file included from [01m[K/home/alex/Media/Develop/Job/ros2/rosbot/src/algorithms/local_planners/mppic/src/Controller.cpp:1[m[K:
[01m[K/home/alex/Media/Develop/Job/ros2/rosbot/src/algorithms/local_planners/mppic/src/../include/mppi/Controller.hpp:35:3:[m[K [01;36m[Knote: [m[Kâ€˜[01m[Kultra::mppi::Controller<T>::Controller() [with T = float][m[Kâ€™ is implicitly deleted because the default definition would be ill-formed:
   35 |   [01;36m[KController[m[K() = default;
      |   [01;36m[K^~~~~~~~~~[m[K
[01m[K/home/alex/Media/Develop/Job/ros2/rosbot/src/algorithms/local_planners/mppic/src/../include/mppi/Controller.hpp:35:3:[m[K [01;31m[Kerror: [m[Kuse of deleted function â€˜[01m[Kultra::mppi::handlers::PathHandler::PathHandler()[m[Kâ€™
In file included from [01m[K/home/alex/Media/Develop/Job/ros2/rosbot/src/algorithms/local_planners/mppic/src/../include/mppi/Controller.hpp:10[m[K,
                 from [01m[K/home/alex/Media/Develop/Job/ros2/rosbot/src/algorithms/local_planners/mppic/src/Controller.cpp:1[m[K:
[01m[K/home/alex/Media/Develop/Job/ros2/rosbot/src/algorithms/local_planners/mppic/src/../include/mppi/PathHandler.hpp:34:3:[m[K [01;36m[Knote: [m[Kdeclared here
   34 |   [01;36m[KPathHandler[m[K() = delete;
      |   [01;36m[K^~~~~~~~~~~[m[K
make[2]: *** [src/CMakeFiles/mppic.dir/build.make:63: src/CMakeFiles/mppic.dir/Controller.cpp.o] Error 1
make[1]: *** [CMakeFiles/Makefile2:192: src/CMakeFiles/mppic.dir/all] Error 2
make: *** [Makefile:141: all] Error 2
